0 info it worked if it ends with ok
1 verbose cli [ 'E:\\Program Files\\nodejs\\node.exe',
1 verbose cli   'E:\\Program Files\\nodejs\\node_modules\\npm\\bin\\npm-cli.js',
1 verbose cli   'install',
1 verbose cli   '--save',
1 verbose cli   'mraa' ]
2 info using npm@3.10.10
3 info using node@v6.10.2
4 silly loadCurrentTree Starting
5 silly install loadCurrentTree
6 silly install readLocalPackageData
7 silly fetchPackageMetaData mraa
8 silly fetchNamedPackageData mraa
9 silly mapToRegistry name mraa
10 silly mapToRegistry using default registry
11 silly mapToRegistry registry https://registry.npmjs.org/
12 silly mapToRegistry data Result {
12 silly mapToRegistry   raw: 'mraa',
12 silly mapToRegistry   scope: null,
12 silly mapToRegistry   escapedName: 'mraa',
12 silly mapToRegistry   name: 'mraa',
12 silly mapToRegistry   rawSpec: '',
12 silly mapToRegistry   spec: 'latest',
12 silly mapToRegistry   type: 'tag' }
13 silly mapToRegistry uri https://registry.npmjs.org/mraa
14 verbose request uri https://registry.npmjs.org/mraa
15 verbose request no auth needed
16 info attempt registry request try #1 at 7:12:17 PM
17 verbose request id dcdfb2df551a1af9
18 verbose etag W/"58e6b9bf-2ac7d"
19 verbose lastModified Thu, 06 Apr 2017 21:57:19 GMT
20 http request GET https://registry.npmjs.org/mraa
21 http 304 https://registry.npmjs.org/mraa
22 verbose headers { date: 'Thu, 13 Apr 2017 23:12:16 GMT',
22 verbose headers   via: '1.1 varnish',
22 verbose headers   'cache-control': 'max-age=300',
22 verbose headers   etag: 'W/"58e6b9bf-2ac7d"',
22 verbose headers   age: '53',
22 verbose headers   connection: 'keep-alive',
22 verbose headers   'x-served-by': 'cache-jfk8122-JFK',
22 verbose headers   'x-cache': 'HIT',
22 verbose headers   'x-cache-hits': '1',
22 verbose headers   'x-timer': 'S1492125136.154897,VS0,VE1',
22 verbose headers   vary: 'Accept-Encoding' }
23 silly get cb [ 304,
23 silly get   { date: 'Thu, 13 Apr 2017 23:12:16 GMT',
23 silly get     via: '1.1 varnish',
23 silly get     'cache-control': 'max-age=300',
23 silly get     etag: 'W/"58e6b9bf-2ac7d"',
23 silly get     age: '53',
23 silly get     connection: 'keep-alive',
23 silly get     'x-served-by': 'cache-jfk8122-JFK',
23 silly get     'x-cache': 'HIT',
23 silly get     'x-cache-hits': '1',
23 silly get     'x-timer': 'S1492125136.154897,VS0,VE1',
23 silly get     vary: 'Accept-Encoding' } ]
24 verbose etag https://registry.npmjs.org/mraa from cache
25 verbose get saving mraa to C:\Users\exp0nge\AppData\Roaming\npm-cache\registry.npmjs.org\mraa\.cache.json
26 verbose correctMkdir C:\Users\exp0nge\AppData\Roaming\npm-cache correctMkdir not in flight; initializing
27 silly install normalizeTree
28 silly loadCurrentTree Finishing
29 silly loadIdealTree Starting
30 silly install loadIdealTree
31 silly cloneCurrentTree Starting
32 silly install cloneCurrentTreeToIdealTree
33 silly cloneCurrentTree Finishing
34 silly loadShrinkwrap Starting
35 silly install loadShrinkwrap
36 silly loadShrinkwrap Finishing
37 silly loadAllDepsIntoIdealTree Starting
38 silly install loadAllDepsIntoIdealTree
39 silly resolveWithNewModule mraa@1.6.1 checking installable status
40 silly cache add args [ 'mraa', null ]
41 verbose cache add spec mraa
42 silly cache add parsed spec Result {
42 silly cache add   raw: 'mraa',
42 silly cache add   scope: null,
42 silly cache add   escapedName: 'mraa',
42 silly cache add   name: 'mraa',
42 silly cache add   rawSpec: '',
42 silly cache add   spec: 'latest',
42 silly cache add   type: 'tag' }
43 silly addNamed mraa@latest
44 verbose addNamed "latest" is being treated as a dist-tag for mraa
45 info addNameTag [ 'mraa', 'latest' ]
46 silly mapToRegistry name mraa
47 silly mapToRegistry using default registry
48 silly mapToRegistry registry https://registry.npmjs.org/
49 silly mapToRegistry data Result {
49 silly mapToRegistry   raw: 'mraa',
49 silly mapToRegistry   scope: null,
49 silly mapToRegistry   escapedName: 'mraa',
49 silly mapToRegistry   name: 'mraa',
49 silly mapToRegistry   rawSpec: '',
49 silly mapToRegistry   spec: 'latest',
49 silly mapToRegistry   type: 'tag' }
50 silly mapToRegistry uri https://registry.npmjs.org/mraa
51 verbose addNameTag registry:https://registry.npmjs.org/mraa not in flight; fetching
52 verbose get https://registry.npmjs.org/mraa not expired, no request
53 silly addNameTag next cb for mraa with tag latest
54 silly addNamed mraa@1.6.1
55 verbose addNamed "1.6.1" is a plain semver version for mraa
56 silly cache afterAdd mraa@1.6.1
57 verbose afterAdd C:\Users\exp0nge\AppData\Roaming\npm-cache\mraa\1.6.1\package\package.json not in flight; writing
58 verbose correctMkdir C:\Users\exp0nge\AppData\Roaming\npm-cache correctMkdir not in flight; initializing
59 verbose afterAdd C:\Users\exp0nge\AppData\Roaming\npm-cache\mraa\1.6.1\package\package.json written
60 silly loadAllDepsIntoIdealTree Finishing
61 silly loadIdealTree Finishing
62 silly currentTree edi-cam@
63 silly idealTree edi-cam@
63 silly idealTree `-- mraa@1.6.1
64 silly generateActionsToTake Starting
65 silly install generateActionsToTake
66 silly generateActionsToTake Finishing
67 silly diffTrees action count 1
68 silly diffTrees add mraa@1.6.1
69 silly decomposeActions action count 8
70 silly decomposeActions fetch mraa@1.6.1
71 silly decomposeActions extract mraa@1.6.1
72 silly decomposeActions test mraa@1.6.1
73 silly decomposeActions preinstall mraa@1.6.1
74 silly decomposeActions build mraa@1.6.1
75 silly decomposeActions install mraa@1.6.1
76 silly decomposeActions postinstall mraa@1.6.1
77 silly decomposeActions finalize mraa@1.6.1
78 silly runTopLevelLifecycles Starting
79 silly executeActions Starting
80 silly install executeActions
81 silly doSerial global-install 0
82 silly doParallel fetch 1
83 verbose correctMkdir C:\Users\exp0nge\AppData\Roaming\npm-cache\_locks correctMkdir not in flight; initializing
84 verbose lock using C:\Users\exp0nge\AppData\Roaming\npm-cache\_locks\staging-bd00103365c6d8f4.lock for E:\Users\exp0nge\projects\iRobot\edi-cam\web\server\node_modules\.staging
85 silly doParallel extract 1
86 silly extract mraa@1.6.1
87 verbose unbuild node_modules\.staging\mraa-3925ba40
88 silly gentlyRm E:\Users\exp0nge\projects\iRobot\edi-cam\web\server\node_modules\.staging\mraa-3925ba40 is being purged from base E:\Users\exp0nge\projects\iRobot\edi-cam\web\server
89 verbose gentlyRm don't care about contents; nuking E:\Users\exp0nge\projects\iRobot\edi-cam\web\server\node_modules\.staging\mraa-3925ba40
90 verbose tar unpack C:\Users\exp0nge\AppData\Roaming\npm-cache\mraa\1.6.1\package.tgz
91 verbose tar unpacking to E:\Users\exp0nge\projects\iRobot\edi-cam\web\server\node_modules\.staging\mraa-3925ba40
92 silly gentlyRm E:\Users\exp0nge\projects\iRobot\edi-cam\web\server\node_modules\.staging\mraa-3925ba40 is being purged
93 verbose gentlyRm don't care about contents; nuking E:\Users\exp0nge\projects\iRobot\edi-cam\web\server\node_modules\.staging\mraa-3925ba40
94 silly gunzTarPerm modes [ '777', '666' ]
95 silly gunzTarPerm extractEntry
96 silly gunzTarPerm modified mode [ '', 493, 511 ]
97 silly gunzTarPerm extractEntry imraa/
98 silly gunzTarPerm modified mode [ 'imraa/', 493, 511 ]
99 silly gunzTarPerm extractEntry imraa/imraa.c
100 silly gunzTarPerm modified mode [ 'imraa/imraa.c', 420, 438 ]
101 silly gunzTarPerm extractEntry imraa/imraa.service
102 silly gunzTarPerm modified mode [ 'imraa/imraa.service', 420, 438 ]
103 silly gunzTarPerm extractEntry imraa/imraa_arduino.h
104 silly gunzTarPerm modified mode [ 'imraa/imraa_arduino.h', 420, 438 ]
105 silly gunzTarPerm extractEntry imraa/imraa_lock.h
106 silly gunzTarPerm modified mode [ 'imraa/imraa_lock.h', 420, 438 ]
107 silly gunzTarPerm extractEntry imraa/imraa_lock.c
108 silly gunzTarPerm modified mode [ 'imraa/imraa_lock.c', 420, 438 ]
109 silly gunzTarPerm extractEntry imraa/imraa_io.c
110 silly gunzTarPerm modified mode [ 'imraa/imraa_io.c', 420, 438 ]
111 silly gunzTarPerm extractEntry imraa/imraa.io.conf
112 silly gunzTarPerm modified mode [ 'imraa/imraa.io.conf', 420, 438 ]
113 silly gunzTarPerm extractEntry imraa/imraa.conf
114 silly gunzTarPerm modified mode [ 'imraa/imraa.conf', 420, 438 ]
115 silly gunzTarPerm extractEntry imraa/imraa_arduino.c
116 silly gunzTarPerm modified mode [ 'imraa/imraa_arduino.c', 420, 438 ]
117 silly gunzTarPerm extractEntry imraa/CMakeLists.txt
118 silly gunzTarPerm modified mode [ 'imraa/CMakeLists.txt', 420, 438 ]
119 silly gunzTarPerm extractEntry imraa/imraa_io.h
120 silly gunzTarPerm modified mode [ 'imraa/imraa_io.h', 420, 438 ]
121 silly gunzTarPerm extractEntry DoxygenLayout.xml
122 silly gunzTarPerm modified mode [ 'DoxygenLayout.xml', 420, 438 ]
123 silly gunzTarPerm extractEntry COPYING
124 silly gunzTarPerm modified mode [ 'COPYING', 420, 438 ]
125 silly gunzTarPerm extractEntry src/
126 silly gunzTarPerm modified mode [ 'src/', 493, 511 ]
127 silly gunzTarPerm extractEntry src/x86/
128 silly gunzTarPerm modified mode [ 'src/x86/', 493, 511 ]
129 silly gunzTarPerm extractEntry src/x86/intel_de3815.c
130 silly gunzTarPerm modified mode [ 'src/x86/intel_de3815.c', 420, 438 ]
131 silly gunzTarPerm extractEntry src/x86/intel_minnow_byt_compatible.c
132 silly gunzTarPerm modified mode [ 'src/x86/intel_minnow_byt_compatible.c', 420, 438 ]
133 silly gunzTarPerm extractEntry src/x86/intel_joule_expansion.c
134 silly gunzTarPerm modified mode [ 'src/x86/intel_joule_expansion.c', 420, 438 ]
135 silly gunzTarPerm extractEntry src/x86/intel_nuc5.c
136 silly gunzTarPerm modified mode [ 'src/x86/intel_nuc5.c', 420, 438 ]
137 silly gunzTarPerm extractEntry src/x86/intel_galileo_rev_g.c
138 silly gunzTarPerm modified mode [ 'src/x86/intel_galileo_rev_g.c', 420, 438 ]
139 silly gunzTarPerm extractEntry src/x86/intel_edison_fab_c.c
140 silly gunzTarPerm modified mode [ 'src/x86/intel_edison_fab_c.c', 420, 438 ]
141 silly gunzTarPerm extractEntry src/x86/x86.c
142 silly gunzTarPerm modified mode [ 'src/x86/x86.c', 420, 438 ]
143 silly gunzTarPerm extractEntry src/x86/intel_cherryhills.c
144 silly gunzTarPerm modified mode [ 'src/x86/intel_cherryhills.c', 420, 438 ]
145 silly gunzTarPerm extractEntry src/x86/intel_galileo_rev_d.c
146 silly gunzTarPerm modified mode [ 'src/x86/intel_galileo_rev_d.c', 420, 438 ]
147 silly gunzTarPerm extractEntry src/x86/CMakeLists.txt
148 silly gunzTarPerm modified mode [ 'src/x86/CMakeLists.txt', 420, 438 ]
149 silly gunzTarPerm extractEntry src/x86/intel_sofia_3gr.c
150 silly gunzTarPerm modified mode [ 'src/x86/intel_sofia_3gr.c', 420, 438 ]
151 silly gunzTarPerm extractEntry src/x86/up.c
152 silly gunzTarPerm modified mode [ 'src/x86/up.c', 420, 438 ]
153 silly gunzTarPerm extractEntry src/mraajsJAVASCRIPT_wrap.cxx
154 silly gunzTarPerm modified mode [ 'src/mraajsJAVASCRIPT_wrap.cxx', 420, 438 ]
155 silly gunzTarPerm extractEntry src/java/
156 silly gunzTarPerm modified mode [ 'src/java/', 493, 511 ]
157 silly gunzTarPerm extractEntry src/java/manifest.txt.in
158 silly gunzTarPerm modified mode [ 'src/java/manifest.txt.in', 420, 438 ]
159 silly gunzTarPerm extractEntry src/java/mraajni.c
160 silly gunzTarPerm modified mode [ 'src/java/mraajni.c', 420, 438 ]
161 silly gunzTarPerm extractEntry src/java/pom.xml.in
162 silly gunzTarPerm modified mode [ 'src/java/pom.xml.in', 420, 438 ]
163 silly gunzTarPerm extractEntry src/java/mraajava.pc.cmake
164 silly gunzTarPerm modified mode [ 'src/java/mraajava.pc.cmake', 420, 438 ]
165 silly gunzTarPerm extractEntry src/java/mraajava.i
166 silly gunzTarPerm modified mode [ 'src/java/mraajava.i', 420, 438 ]
167 silly gunzTarPerm extractEntry src/java/CMakeLists.txt
168 silly gunzTarPerm modified mode [ 'src/java/CMakeLists.txt', 420, 438 ]
169 silly gunzTarPerm extractEntry src/spi/
170 silly gunzTarPerm modified mode [ 'src/spi/', 493, 511 ]
171 silly gunzTarPerm extractEntry src/spi/spi.c
172 silly gunzTarPerm modified mode [ 'src/spi/spi.c', 420, 438 ]
173 silly gunzTarPerm extractEntry src/mraa.i
174 silly gunzTarPerm modified mode [ 'src/mraa.i', 420, 438 ]
175 silly gunzTarPerm extractEntry src/python/
176 silly gunzTarPerm modified mode [ 'src/python/', 493, 511 ]
177 silly gunzTarPerm extractEntry src/python/python3/
178 silly gunzTarPerm modified mode [ 'src/python/python3/', 493, 511 ]
179 silly gunzTarPerm extractEntry src/python/python3/mraa3.i
180 silly gunzTarPerm modified mode [ 'src/python/python3/mraa3.i', 420, 438 ]
181 silly gunzTarPerm extractEntry src/python/python3/CMakeLists.txt
182 silly gunzTarPerm modified mode [ 'src/python/python3/CMakeLists.txt', 420, 438 ]
183 silly gunzTarPerm extractEntry src/python/mraapy.c
184 silly gunzTarPerm modified mode [ 'src/python/mraapy.c', 420, 438 ]
185 silly gunzTarPerm extractEntry src/python/python2/
186 silly gunzTarPerm modified mode [ 'src/python/python2/', 493, 511 ]
187 silly gunzTarPerm extractEntry src/python/python2/mraa2.i
188 silly gunzTarPerm modified mode [ 'src/python/python2/mraa2.i', 420, 438 ]
189 silly gunzTarPerm extractEntry src/python/python2/docs/
190 silly gunzTarPerm modified mode [ 'src/python/python2/docs/', 493, 511 ]
191 silly gunzTarPerm extractEntry src/python/python2/docs/example.rst
192 silly gunzTarPerm modified mode [ 'src/python/python2/docs/example.rst', 420, 438 ]
193 silly gunzTarPerm extractEntry src/python/python2/docs/mraa.rst
194 silly gunzTarPerm modified mode [ 'src/python/python2/docs/mraa.rst', 420, 438 ]
195 silly gunzTarPerm extractEntry src/python/python2/docs/index.rst
196 silly gunzTarPerm modified mode [ 'src/python/python2/docs/index.rst', 420, 438 ]
197 silly gunzTarPerm extractEntry src/python/python2/docs/conf.py.in
198 silly gunzTarPerm modified mode [ 'src/python/python2/docs/conf.py.in', 420, 438 ]
199 silly gunzTarPerm extractEntry src/python/python2/docs/CMakeLists.txt
200 silly gunzTarPerm modified mode [ 'src/python/python2/docs/CMakeLists.txt', 420, 438 ]
201 silly gunzTarPerm extractEntry src/python/python2/CMakeLists.txt
202 silly gunzTarPerm modified mode [ 'src/python/python2/CMakeLists.txt', 420, 438 ]
203 silly gunzTarPerm extractEntry src/python/mraapython.i
204 silly gunzTarPerm modified mode [ 'src/python/mraapython.i', 420, 438 ]
205 silly gunzTarPerm extractEntry src/python/CMakeLists.txt
206 silly gunzTarPerm modified mode [ 'src/python/CMakeLists.txt', 420, 438 ]
207 silly gunzTarPerm extractEntry src/javascript/
208 silly gunzTarPerm modified mode [ 'src/javascript/', 493, 511 ]
209 silly gunzTarPerm extractEntry src/javascript/doxygen2jsdoc_custom.json
210 silly gunzTarPerm modified mode [ 'src/javascript/doxygen2jsdoc_custom.json', 420, 438 ]
211 silly gunzTarPerm extractEntry src/javascript/binding.gyp.cmake
212 silly gunzTarPerm modified mode [ 'src/javascript/binding.gyp.cmake', 420, 438 ]
213 silly gunzTarPerm extractEntry src/javascript/mraajs.i
214 silly gunzTarPerm modified mode [ 'src/javascript/mraajs.i', 420, 438 ]
215 silly gunzTarPerm extractEntry src/javascript/CMakeLists.txt
216 silly gunzTarPerm modified mode [ 'src/javascript/CMakeLists.txt', 420, 438 ]
217 silly gunzTarPerm extractEntry src/javascript/package.json.cmake
218 silly gunzTarPerm modified mode [ 'src/javascript/package.json.cmake', 420, 438 ]
219 silly gunzTarPerm extractEntry src/gpio/
220 silly gunzTarPerm modified mode [ 'src/gpio/', 493, 511 ]
221 silly gunzTarPerm extractEntry src/gpio/gpio.c
222 silly gunzTarPerm modified mode [ 'src/gpio/gpio.c', 420, 438 ]
223 silly gunzTarPerm extractEntry src/arm/
224 silly gunzTarPerm modified mode [ 'src/arm/', 493, 511 ]
225 silly gunzTarPerm extractEntry src/arm/am335x.c
226 silly gunzTarPerm modified mode [ 'src/arm/am335x.c', 420, 438 ]
227 silly gunzTarPerm extractEntry src/arm/banana.c
228 silly gunzTarPerm modified mode [ 'src/arm/banana.c', 420, 438 ]
229 silly gunzTarPerm extractEntry src/arm/beaglebone.c
230 silly gunzTarPerm modified mode [ 'src/arm/beaglebone.c', 420, 438 ]
231 silly gunzTarPerm extractEntry src/arm/phyboard.c
232 silly gunzTarPerm modified mode [ 'src/arm/phyboard.c', 420, 438 ]
233 silly gunzTarPerm extractEntry src/arm/de_nano_soc.c
234 silly gunzTarPerm modified mode [ 'src/arm/de_nano_soc.c', 420, 438 ]
235 silly gunzTarPerm extractEntry src/arm/arm.c
236 silly gunzTarPerm modified mode [ 'src/arm/arm.c', 420, 438 ]
237 silly gunzTarPerm extractEntry src/arm/raspberry_pi.c
238 silly gunzTarPerm modified mode [ 'src/arm/raspberry_pi.c', 420, 438 ]
239 silly gunzTarPerm extractEntry src/arm/96boards.c
240 silly gunzTarPerm modified mode [ 'src/arm/96boards.c', 420, 438 ]
241 silly gunzTarPerm extractEntry src/arm/CMakeLists.txt
242 silly gunzTarPerm modified mode [ 'src/arm/CMakeLists.txt', 420, 438 ]
243 silly gunzTarPerm extractEntry src/aio/
244 silly gunzTarPerm modified mode [ 'src/aio/', 493, 511 ]
245 silly gunzTarPerm extractEntry src/aio/aio.c
246 silly gunzTarPerm modified mode [ 'src/aio/aio.c', 420, 438 ]
247 silly gunzTarPerm extractEntry src/mraa.c
248 silly gunzTarPerm modified mode [ 'src/mraa.c', 420, 438 ]
249 silly gunzTarPerm extractEntry src/uart/
250 silly gunzTarPerm modified mode [ 'src/uart/', 493, 511 ]
251 silly gunzTarPerm extractEntry src/uart/uart.c
252 silly gunzTarPerm modified mode [ 'src/uart/uart.c', 420, 438 ]
253 silly gunzTarPerm extractEntry src/pwm/
254 silly gunzTarPerm modified mode [ 'src/pwm/', 493, 511 ]
255 silly gunzTarPerm extractEntry src/pwm/pwm.c
256 silly gunzTarPerm modified mode [ 'src/pwm/pwm.c', 420, 438 ]
257 silly gunzTarPerm extractEntry src/usb/
258 silly gunzTarPerm modified mode [ 'src/usb/', 493, 511 ]
259 silly gunzTarPerm extractEntry src/usb/usb.c
260 silly gunzTarPerm modified mode [ 'src/usb/usb.c', 420, 438 ]
261 silly gunzTarPerm extractEntry src/usb/ftdi_ft4222.c
262 silly gunzTarPerm modified mode [ 'src/usb/ftdi_ft4222.c', 420, 438 ]
263 silly gunzTarPerm extractEntry src/usb/CMakeLists.txt
264 silly gunzTarPerm modified mode [ 'src/usb/CMakeLists.txt', 420, 438 ]
265 silly gunzTarPerm extractEntry src/uart_ow/
266 silly gunzTarPerm modified mode [ 'src/uart_ow/', 493, 511 ]
267 silly gunzTarPerm extractEntry src/uart_ow/uart_ow.c
268 silly gunzTarPerm modified mode [ 'src/uart_ow/uart_ow.c', 420, 438 ]
269 silly gunzTarPerm extractEntry src/uart_ow/CMakeLists.txt
270 silly gunzTarPerm modified mode [ 'src/uart_ow/CMakeLists.txt', 420, 438 ]
271 silly gunzTarPerm extractEntry src/json/
272 silly gunzTarPerm modified mode [ 'src/json/', 493, 511 ]
273 silly gunzTarPerm extractEntry src/json/jsonplatform.c
274 silly gunzTarPerm modified mode [ 'src/json/jsonplatform.c', 420, 438 ]
275 silly gunzTarPerm extractEntry src/i2c/
276 silly gunzTarPerm modified mode [ 'src/i2c/', 493, 511 ]
277 silly gunzTarPerm extractEntry src/i2c/i2c.c
278 silly gunzTarPerm modified mode [ 'src/i2c/i2c.c', 420, 438 ]
279 silly gunzTarPerm extractEntry src/i2c/LICENSE
280 silly gunzTarPerm modified mode [ 'src/i2c/LICENSE', 420, 438 ]
281 silly gunzTarPerm extractEntry src/mraa.pc.cmake
282 silly gunzTarPerm modified mode [ 'src/mraa.pc.cmake', 420, 438 ]
283 silly gunzTarPerm extractEntry src/doxy2swig.py
284 silly gunzTarPerm modified mode [ 'src/doxy2swig.py', 493, 511 ]
285 silly gunzTarPerm extractEntry src/glob/
286 silly gunzTarPerm modified mode [ 'src/glob/', 493, 511 ]
287 silly gunzTarPerm extractEntry src/glob/glob.c
288 silly gunzTarPerm modified mode [ 'src/glob/glob.c', 420, 438 ]
289 silly gunzTarPerm extractEntry src/glob/glob.h
290 silly gunzTarPerm modified mode [ 'src/glob/glob.h', 420, 438 ]
291 silly gunzTarPerm extractEntry src/version.c
292 silly gunzTarPerm modified mode [ 'src/version.c', 420, 438 ]
293 silly gunzTarPerm extractEntry src/iio/
294 silly gunzTarPerm modified mode [ 'src/iio/', 493, 511 ]
295 silly gunzTarPerm extractEntry src/iio/iio.c
296 silly gunzTarPerm modified mode [ 'src/iio/iio.c', 420, 438 ]
297 silly gunzTarPerm extractEntry src/CMakeLists.txt
298 silly gunzTarPerm modified mode [ 'src/CMakeLists.txt', 420, 438 ]
299 silly gunzTarPerm extractEntry src/firmata/
300 silly gunzTarPerm modified mode [ 'src/firmata/', 493, 511 ]
301 silly gunzTarPerm extractEntry src/firmata/firmata_mraa.c
302 silly gunzTarPerm modified mode [ 'src/firmata/firmata_mraa.c', 420, 438 ]
303 silly gunzTarPerm extractEntry src/firmata/firmata.c
304 silly gunzTarPerm modified mode [ 'src/firmata/firmata.c', 420, 438 ]
305 silly gunzTarPerm extractEntry src/firmata/CMakeLists.txt
306 silly gunzTarPerm modified mode [ 'src/firmata/CMakeLists.txt', 420, 438 ]
307 silly gunzTarPerm extractEntry src/mock/
308 silly gunzTarPerm modified mode [ 'src/mock/', 493, 511 ]
309 silly gunzTarPerm extractEntry src/mock/mock_board_uart.c
310 silly gunzTarPerm modified mode [ 'src/mock/mock_board_uart.c', 420, 438 ]
311 silly gunzTarPerm extractEntry src/mock/mock_board.c
312 silly gunzTarPerm modified mode [ 'src/mock/mock_board.c', 420, 438 ]
313 silly gunzTarPerm extractEntry src/mock/mock_board_aio.c
314 silly gunzTarPerm modified mode [ 'src/mock/mock_board_aio.c', 420, 438 ]
315 silly gunzTarPerm extractEntry src/mock/mock_board_gpio.c
316 silly gunzTarPerm modified mode [ 'src/mock/mock_board_gpio.c', 420, 438 ]
317 silly gunzTarPerm extractEntry src/mock/mock_board_i2c.c
318 silly gunzTarPerm modified mode [ 'src/mock/mock_board_i2c.c', 420, 438 ]
319 silly gunzTarPerm extractEntry src/mock/mock_board_spi.c
320 silly gunzTarPerm modified mode [ 'src/mock/mock_board_spi.c', 420, 438 ]
321 silly gunzTarPerm extractEntry src/mock/CMakeLists.txt
322 silly gunzTarPerm modified mode [ 'src/mock/CMakeLists.txt', 420, 438 ]
323 silly gunzTarPerm extractEntry src/mock/mock.c
324 silly gunzTarPerm modified mode [ 'src/mock/mock.c', 420, 438 ]
325 silly gunzTarPerm extractEntry package.json
326 silly gunzTarPerm modified mode [ 'package.json', 420, 438 ]
327 silly gunzTarPerm extractEntry .gitmodules
328 silly gunzTarPerm modified mode [ '.gitmodules', 420, 438 ]
329 silly gunzTarPerm extractEntry READMEFIRST
330 silly gunzTarPerm modified mode [ 'READMEFIRST', 420, 438 ]
331 silly gunzTarPerm extractEntry binding.gyp
332 silly gunzTarPerm modified mode [ 'binding.gyp', 420, 438 ]
333 silly gunzTarPerm extractEntry docs/
334 silly gunzTarPerm modified mode [ 'docs/', 493, 511 ]
335 silly gunzTarPerm extractEntry docs/testing.md
336 silly gunzTarPerm modified mode [ 'docs/testing.md', 420, 438 ]
337 silly gunzTarPerm extractEntry docs/minnow_max.md
338 silly gunzTarPerm modified mode [ 'docs/minnow_max.md', 420, 438 ]
339 silly gunzTarPerm extractEntry docs/index.java.md
340 silly gunzTarPerm modified mode [ 'docs/index.java.md', 420, 438 ]
341 silly gunzTarPerm extractEntry docs/banana_pi.md
342 silly gunzTarPerm modified mode [ 'docs/banana_pi.md', 420, 438 ]
343 silly gunzTarPerm extractEntry docs/up.md
344 silly gunzTarPerm modified mode [ 'docs/up.md', 420, 438 ]
345 silly gunzTarPerm extractEntry docs/i2c.txt
346 silly gunzTarPerm modified mode [ 'docs/i2c.txt', 420, 438 ]
347 silly gunzTarPerm extractEntry docs/jsonplatform.md
348 silly gunzTarPerm modified mode [ 'docs/jsonplatform.md', 420, 438 ]
349 silly gunzTarPerm extractEntry docs/galileorevd.md
350 silly gunzTarPerm modified mode [ 'docs/galileorevd.md', 420, 438 ]
351 silly gunzTarPerm extractEntry docs/galileorevh.md
352 silly gunzTarPerm modified mode [ 'docs/galileorevh.md', 420, 438 ]
353 silly gunzTarPerm extractEntry docs/npm.md
354 silly gunzTarPerm modified mode [ 'docs/npm.md', 420, 438 ]
355 silly gunzTarPerm extractEntry docs/index.md
356 silly gunzTarPerm modified mode [ 'docs/index.md', 420, 438 ]
357 silly gunzTarPerm extractEntry docs/platform-hooks.md
358 silly gunzTarPerm modified mode [ 'docs/platform-hooks.md', 420, 438 ]
359 silly gunzTarPerm extractEntry docs/intel_nuc5.md
360 silly gunzTarPerm modified mode [ 'docs/intel_nuc5.md', 420, 438 ]
361 silly gunzTarPerm extractEntry docs/changelog.md
362 silly gunzTarPerm modified mode [ 'docs/changelog.md', 420, 438 ]
363 silly gunzTarPerm extractEntry docs/grossetete.md
364 silly gunzTarPerm modified mode [ 'docs/grossetete.md', 420, 438 ]
365 silly gunzTarPerm extractEntry docs/internals.md
366 silly gunzTarPerm modified mode [ 'docs/internals.md', 420, 438 ]
367 silly gunzTarPerm extractEntry docs/imraa.md
368 silly gunzTarPerm modified mode [ 'docs/imraa.md', 420, 438 ]
369 silly gunzTarPerm extractEntry docs/intel_de3815.md
370 silly gunzTarPerm modified mode [ 'docs/intel_de3815.md', 420, 438 ]
371 silly gunzTarPerm extractEntry docs/mock.md
372 silly gunzTarPerm modified mode [ 'docs/mock.md', 420, 438 ]
373 silly gunzTarPerm extractEntry docs/ftdi_ft4222.md
374 silly gunzTarPerm modified mode [ 'docs/ftdi_ft4222.md', 420, 438 ]
375 silly gunzTarPerm extractEntry docs/joule.md
376 silly gunzTarPerm modified mode [ 'docs/joule.md', 420, 438 ]
377 silly gunzTarPerm extractEntry docs/firmata.md
378 silly gunzTarPerm modified mode [ 'docs/firmata.md', 420, 438 ]
379 silly gunzTarPerm extractEntry docs/debugging.md
380 silly gunzTarPerm modified mode [ 'docs/debugging.md', 420, 438 ]
381 silly gunzTarPerm extractEntry docs/iio.md
382 silly gunzTarPerm modified mode [ 'docs/iio.md', 420, 438 ]
383 silly gunzTarPerm extractEntry docs/de_nano_soc.md
384 silly gunzTarPerm modified mode [ 'docs/de_nano_soc.md', 420, 438 ]
385 silly gunzTarPerm extractEntry docs/beaglebone.md
386 silly gunzTarPerm modified mode [ 'docs/beaglebone.md', 420, 438 ]
387 silly gunzTarPerm extractEntry docs/phyboard-wega.md
388 silly gunzTarPerm modified mode [ 'docs/phyboard-wega.md', 420, 438 ]
389 silly gunzTarPerm extractEntry docs/raspberry_pi.md
390 silly gunzTarPerm modified mode [ 'docs/raspberry_pi.md', 420, 438 ]
391 silly gunzTarPerm extractEntry docs/edison.md
392 silly gunzTarPerm modified mode [ 'docs/edison.md', 420, 438 ]
393 silly gunzTarPerm extractEntry include/
394 silly gunzTarPerm modified mode [ 'include/', 493, 511 ]
395 silly gunzTarPerm extractEntry include/x86/
396 silly gunzTarPerm modified mode [ 'include/x86/', 493, 511 ]
397 silly gunzTarPerm extractEntry include/x86/up.h
398 silly gunzTarPerm modified mode [ 'include/x86/up.h', 420, 438 ]
399 silly gunzTarPerm extractEntry include/x86/intel_sofia_3gr.h
400 silly gunzTarPerm modified mode [ 'include/x86/intel_sofia_3gr.h', 420, 438 ]
401 silly gunzTarPerm extractEntry include/x86/intel_galileo_rev_d.h
402 silly gunzTarPerm modified mode [ 'include/x86/intel_galileo_rev_d.h', 420, 438 ]
403 silly gunzTarPerm extractEntry include/x86/intel_cherryhills.h
404 silly gunzTarPerm modified mode [ 'include/x86/intel_cherryhills.h', 420, 438 ]
405 silly gunzTarPerm extractEntry include/x86/intel_minnow_byt_compatible.h
406 silly gunzTarPerm modified mode [ 'include/x86/intel_minnow_byt_compatible.h', 420, 438 ]
407 silly gunzTarPerm extractEntry include/x86/intel_nuc5.h
408 silly gunzTarPerm modified mode [ 'include/x86/intel_nuc5.h', 420, 438 ]
409 silly gunzTarPerm extractEntry include/x86/intel_de3815.h
410 silly gunzTarPerm modified mode [ 'include/x86/intel_de3815.h', 420, 438 ]
411 silly gunzTarPerm extractEntry include/x86/intel_edison_fab_c.h
412 silly gunzTarPerm modified mode [ 'include/x86/intel_edison_fab_c.h', 420, 438 ]
413 silly gunzTarPerm extractEntry include/x86/intel_galileo_rev_g.h
414 silly gunzTarPerm modified mode [ 'include/x86/intel_galileo_rev_g.h', 420, 438 ]
415 silly gunzTarPerm extractEntry include/x86/intel_joule_expansion.h
416 silly gunzTarPerm modified mode [ 'include/x86/intel_joule_expansion.h', 420, 438 ]
417 silly gunzTarPerm extractEntry include/mraa_internal_types.h
418 silly gunzTarPerm modified mode [ 'include/mraa_internal_types.h', 420, 438 ]
419 silly gunzTarPerm extractEntry include/linux/
420 silly gunzTarPerm modified mode [ 'include/linux/', 493, 511 ]
421 silly gunzTarPerm extractEntry include/linux/spi_kernel_headers.h
422 silly gunzTarPerm modified mode [ 'include/linux/spi_kernel_headers.h', 420, 438 ]
423 silly gunzTarPerm extractEntry include/linux/types.h
424 silly gunzTarPerm modified mode [ 'include/linux/types.h', 420, 438 ]
425 silly gunzTarPerm extractEntry include/linux/i2c-dev.h
426 silly gunzTarPerm modified mode [ 'include/linux/i2c-dev.h', 420, 438 ]
427 silly gunzTarPerm extractEntry include/linux/README
428 silly gunzTarPerm modified mode [ 'include/linux/README', 420, 438 ]
429 silly gunzTarPerm extractEntry include/linux/posix_types.h
430 silly gunzTarPerm modified mode [ 'include/linux/posix_types.h', 420, 438 ]
431 silly gunzTarPerm extractEntry include/linux/compiler.h
432 silly gunzTarPerm modified mode [ 'include/linux/compiler.h', 420, 438 ]
433 silly gunzTarPerm extractEntry include/java/
434 silly gunzTarPerm modified mode [ 'include/java/', 493, 511 ]
435 silly gunzTarPerm extractEntry include/java/mraajni.h
436 silly gunzTarPerm modified mode [ 'include/java/mraajni.h', 420, 438 ]
437 silly gunzTarPerm extractEntry include/python/
438 silly gunzTarPerm modified mode [ 'include/python/', 493, 511 ]
439 silly gunzTarPerm extractEntry include/python/mraapy.h
440 silly gunzTarPerm modified mode [ 'include/python/mraapy.h', 420, 438 ]
441 silly gunzTarPerm extractEntry include/mraa_adv_func.h
442 silly gunzTarPerm modified mode [ 'include/mraa_adv_func.h', 420, 438 ]
443 silly gunzTarPerm extractEntry include/arm/
444 silly gunzTarPerm modified mode [ 'include/arm/', 493, 511 ]
445 silly gunzTarPerm extractEntry include/arm/96boards.h
446 silly gunzTarPerm modified mode [ 'include/arm/96boards.h', 420, 438 ]
447 silly gunzTarPerm extractEntry include/arm/de_nano_soc.h
448 silly gunzTarPerm modified mode [ 'include/arm/de_nano_soc.h', 420, 438 ]
449 silly gunzTarPerm extractEntry include/arm/phyboard.h
450 silly gunzTarPerm modified mode [ 'include/arm/phyboard.h', 420, 438 ]
451 silly gunzTarPerm extractEntry include/arm/am335x.h
452 silly gunzTarPerm modified mode [ 'include/arm/am335x.h', 420, 438 ]
453 silly gunzTarPerm extractEntry include/arm/raspberry_pi.h
454 silly gunzTarPerm modified mode [ 'include/arm/raspberry_pi.h', 420, 438 ]
455 silly gunzTarPerm extractEntry include/arm/beaglebone.h
456 silly gunzTarPerm modified mode [ 'include/arm/beaglebone.h', 420, 438 ]
457 silly gunzTarPerm extractEntry include/arm/banana.h
458 silly gunzTarPerm modified mode [ 'include/arm/banana.h', 420, 438 ]
459 silly gunzTarPerm extractEntry include/mraa_internal.h
460 silly gunzTarPerm modified mode [ 'include/mraa_internal.h', 420, 438 ]
461 silly gunzTarPerm extractEntry include/usb/
462 silly gunzTarPerm modified mode [ 'include/usb/', 493, 511 ]
463 silly gunzTarPerm extractEntry include/usb/ftdi_ft4222.h
464 silly gunzTarPerm modified mode [ 'include/usb/ftdi_ft4222.h', 420, 438 ]
465 silly gunzTarPerm extractEntry include/mraa_lang_func.h
466 silly gunzTarPerm modified mode [ 'include/mraa_lang_func.h', 420, 438 ]
467 silly gunzTarPerm extractEntry include/version.h
468 silly gunzTarPerm modified mode [ 'include/version.h', 420, 438 ]
469 silly gunzTarPerm extractEntry include/firmata/
470 silly gunzTarPerm modified mode [ 'include/firmata/', 493, 511 ]
471 silly gunzTarPerm extractEntry include/firmata/firmata.h
472 silly gunzTarPerm modified mode [ 'include/firmata/firmata.h', 420, 438 ]
473 silly gunzTarPerm extractEntry include/firmata/firmata_mraa.h
474 silly gunzTarPerm modified mode [ 'include/firmata/firmata_mraa.h', 420, 438 ]
475 silly gunzTarPerm extractEntry include/mock/
476 silly gunzTarPerm modified mode [ 'include/mock/', 493, 511 ]
477 silly gunzTarPerm extractEntry include/mock/mock_board_spi.h
478 silly gunzTarPerm modified mode [ 'include/mock/mock_board_spi.h', 420, 438 ]
479 silly gunzTarPerm extractEntry include/mock/mock_board_i2c.h
480 silly gunzTarPerm modified mode [ 'include/mock/mock_board_i2c.h', 420, 438 ]
481 silly gunzTarPerm extractEntry include/mock/mock_board_gpio.h
482 silly gunzTarPerm modified mode [ 'include/mock/mock_board_gpio.h', 420, 438 ]
483 silly gunzTarPerm extractEntry include/mock/mock_board_uart.h
484 silly gunzTarPerm modified mode [ 'include/mock/mock_board_uart.h', 420, 438 ]
485 silly gunzTarPerm extractEntry include/mock/mock_board_aio.h
486 silly gunzTarPerm modified mode [ 'include/mock/mock_board_aio.h', 420, 438 ]
487 silly gunzTarPerm extractEntry include/mock/mock_board.h
488 silly gunzTarPerm modified mode [ 'include/mock/mock_board.h', 420, 438 ]
489 silly gunzTarPerm extractEntry Doxyfile.in
490 silly gunzTarPerm modified mode [ 'Doxyfile.in', 420, 438 ]
491 silly gunzTarPerm extractEntry .travis.yml
492 silly gunzTarPerm modified mode [ '.travis.yml', 420, 438 ]
493 silly gunzTarPerm extractEntry api/
494 silly gunzTarPerm modified mode [ 'api/', 493, 511 ]
495 silly gunzTarPerm extractEntry api/mraa.h
496 silly gunzTarPerm modified mode [ 'api/mraa.h', 420, 438 ]
497 silly gunzTarPerm extractEntry api/mraa.hpp
498 silly gunzTarPerm modified mode [ 'api/mraa.hpp', 420, 438 ]
499 silly gunzTarPerm extractEntry api/mraa/
500 silly gunzTarPerm modified mode [ 'api/mraa/', 493, 511 ]
501 silly gunzTarPerm extractEntry api/mraa/uart_ow.hpp
502 silly gunzTarPerm modified mode [ 'api/mraa/uart_ow.hpp', 420, 438 ]
503 silly gunzTarPerm extractEntry api/mraa/firmata.h
504 silly gunzTarPerm modified mode [ 'api/mraa/firmata.h', 420, 438 ]
505 silly gunzTarPerm extractEntry api/mraa/spi.h
506 silly gunzTarPerm modified mode [ 'api/mraa/spi.h', 420, 438 ]
507 silly gunzTarPerm extractEntry api/mraa/iio.hpp
508 silly gunzTarPerm modified mode [ 'api/mraa/iio.hpp', 420, 438 ]
509 silly gunzTarPerm extractEntry api/mraa/pwm.hpp
510 silly gunzTarPerm modified mode [ 'api/mraa/pwm.hpp', 420, 438 ]
511 silly gunzTarPerm extractEntry api/mraa/pwm.h
512 silly gunzTarPerm modified mode [ 'api/mraa/pwm.h', 420, 438 ]
513 silly gunzTarPerm extractEntry api/mraa/types.hpp
514 silly gunzTarPerm modified mode [ 'api/mraa/types.hpp', 420, 438 ]
515 silly gunzTarPerm extractEntry api/mraa/i2c.h
516 silly gunzTarPerm modified mode [ 'api/mraa/i2c.h', 420, 438 ]
517 silly gunzTarPerm extractEntry api/mraa/uart_ow.h
518 silly gunzTarPerm modified mode [ 'api/mraa/uart_ow.h', 420, 438 ]
519 silly gunzTarPerm extractEntry api/mraa/i2c.hpp
520 silly gunzTarPerm modified mode [ 'api/mraa/i2c.hpp', 420, 438 ]
521 silly gunzTarPerm extractEntry api/mraa/iio_kernel_headers.h
522 silly gunzTarPerm modified mode [ 'api/mraa/iio_kernel_headers.h', 420, 438 ]
523 silly gunzTarPerm extractEntry api/mraa/common.hpp
524 silly gunzTarPerm modified mode [ 'api/mraa/common.hpp', 420, 438 ]
525 silly gunzTarPerm extractEntry api/mraa/aio.hpp
526 silly gunzTarPerm modified mode [ 'api/mraa/aio.hpp', 420, 438 ]
527 silly gunzTarPerm extractEntry api/mraa/types.h
528 silly gunzTarPerm modified mode [ 'api/mraa/types.h', 420, 438 ]
529 silly gunzTarPerm extractEntry api/mraa/aio.h
530 silly gunzTarPerm modified mode [ 'api/mraa/aio.h', 420, 438 ]
531 silly gunzTarPerm extractEntry api/mraa/gpio.hpp
532 silly gunzTarPerm modified mode [ 'api/mraa/gpio.hpp', 420, 438 ]
533 silly gunzTarPerm extractEntry api/mraa/gpio.h
534 silly gunzTarPerm modified mode [ 'api/mraa/gpio.h', 420, 438 ]
535 silly gunzTarPerm extractEntry api/mraa/uart.hpp
536 silly gunzTarPerm modified mode [ 'api/mraa/uart.hpp', 420, 438 ]
537 silly gunzTarPerm extractEntry api/mraa/iio.h
538 silly gunzTarPerm modified mode [ 'api/mraa/iio.h', 420, 438 ]
539 silly gunzTarPerm extractEntry api/mraa/spi.hpp
540 silly gunzTarPerm modified mode [ 'api/mraa/spi.hpp', 420, 438 ]
541 silly gunzTarPerm extractEntry api/mraa/uart.h
542 silly gunzTarPerm modified mode [ 'api/mraa/uart.h', 420, 438 ]
543 silly gunzTarPerm extractEntry api/mraa/common.h
544 silly gunzTarPerm modified mode [ 'api/mraa/common.h', 420, 438 ]
545 silly gunzTarPerm extractEntry examples/
546 silly gunzTarPerm modified mode [ 'examples/', 493, 511 ]
547 silly gunzTarPerm extractEntry examples/iio_driver.c
548 silly gunzTarPerm modified mode [ 'examples/iio_driver.c', 420, 438 ]
549 silly gunzTarPerm extractEntry examples/hellomraa.c
550 silly gunzTarPerm modified mode [ 'examples/hellomraa.c', 420, 438 ]
551 silly gunzTarPerm extractEntry examples/c++/
552 silly gunzTarPerm modified mode [ 'examples/c++/', 493, 511 ]
553 silly gunzTarPerm extractEntry examples/c++/Pwm3-cycle.cpp
554 silly gunzTarPerm modified mode [ 'examples/c++/Pwm3-cycle.cpp', 420, 438 ]
555 silly gunzTarPerm extractEntry examples/c++/Blink-IO.cpp
556 silly gunzTarPerm modified mode [ 'examples/c++/Blink-IO.cpp', 420, 438 ]
557 silly gunzTarPerm extractEntry examples/c++/initio.cpp
558 silly gunzTarPerm modified mode [ 'examples/c++/initio.cpp', 420, 438 ]
559 silly gunzTarPerm extractEntry examples/c++/Uart-example.cpp
560 silly gunzTarPerm modified mode [ 'examples/c++/Uart-example.cpp', 420, 438 ]
561 silly gunzTarPerm extractEntry examples/c++/I2c-compass.cpp
562 silly gunzTarPerm modified mode [ 'examples/c++/I2c-compass.cpp', 420, 438 ]
563 silly gunzTarPerm extractEntry examples/c++/AioA0.cpp
564 silly gunzTarPerm modified mode [ 'examples/c++/AioA0.cpp', 420, 438 ]
565 silly gunzTarPerm extractEntry examples/c++/Spi-pot.cpp
566 silly gunzTarPerm modified mode [ 'examples/c++/Spi-pot.cpp', 420, 438 ]
567 silly gunzTarPerm extractEntry examples/c++/UartOW.cpp
568 silly gunzTarPerm modified mode [ 'examples/c++/UartOW.cpp', 420, 438 ]
569 silly gunzTarPerm extractEntry examples/c++/Iio-dummy.cpp
570 silly gunzTarPerm modified mode [ 'examples/c++/Iio-dummy.cpp', 420, 438 ]
571 silly gunzTarPerm extractEntry examples/c++/CMakeLists.txt
572 silly gunzTarPerm modified mode [ 'examples/c++/CMakeLists.txt', 420, 438 ]
573 silly gunzTarPerm extractEntry examples/c++/Isr-pin6.cpp
574 silly gunzTarPerm modified mode [ 'examples/c++/Isr-pin6.cpp', 420, 438 ]
575 silly gunzTarPerm extractEntry examples/isr_pin6.c
576 silly gunzTarPerm modified mode [ 'examples/isr_pin6.c', 420, 438 ]
577 silly gunzTarPerm extractEntry examples/blink_onboard.c
578 silly gunzTarPerm modified mode [ 'examples/blink_onboard.c', 420, 438 ]
579 silly gunzTarPerm extractEntry examples/platform/
580 silly gunzTarPerm modified mode [ 'examples/platform/', 493, 511 ]
581 silly gunzTarPerm extractEntry examples/platform/turbotjson.json
582 silly gunzTarPerm modified mode [ 'examples/platform/turbotjson.json', 420, 438 ]
583 silly gunzTarPerm extractEntry examples/platform/intel-aero.json
584 silly gunzTarPerm modified mode [ 'examples/platform/intel-aero.json', 420, 438 ]
585 silly gunzTarPerm extractEntry examples/firmata_curie_imu.c
586 silly gunzTarPerm modified mode [ 'examples/firmata_curie_imu.c', 420, 438 ]
587 silly gunzTarPerm extractEntry examples/analogin_a0.c
588 silly gunzTarPerm modified mode [ 'examples/analogin_a0.c', 420, 438 ]
589 silly gunzTarPerm extractEntry examples/java/
590 silly gunzTarPerm modified mode [ 'examples/java/', 493, 511 ]
591 silly gunzTarPerm extractEntry examples/java/Bmp85.java
592 silly gunzTarPerm modified mode [ 'examples/java/Bmp85.java', 420, 438 ]
593 silly gunzTarPerm extractEntry examples/java/Isr.java
594 silly gunzTarPerm modified mode [ 'examples/java/Isr.java', 420, 438 ]
595 silly gunzTarPerm extractEntry examples/java/SpiMAX7219.java
596 silly gunzTarPerm modified mode [ 'examples/java/SpiMAX7219.java', 420, 438 ]
597 silly gunzTarPerm extractEntry examples/java/Example.java
598 silly gunzTarPerm modified mode [ 'examples/java/Example.java', 420, 438 ]
599 silly gunzTarPerm extractEntry examples/java/SpiMCP4261.java
600 silly gunzTarPerm modified mode [ 'examples/java/SpiMCP4261.java', 420, 438 ]
601 silly gunzTarPerm extractEntry examples/java/HelloEdison.java
602 silly gunzTarPerm modified mode [ 'examples/java/HelloEdison.java', 420, 438 ]
603 silly gunzTarPerm extractEntry examples/java/I2cCompass.java
604 silly gunzTarPerm modified mode [ 'examples/java/I2cCompass.java', 420, 438 ]
605 silly gunzTarPerm extractEntry examples/java/AioA0.java
606 silly gunzTarPerm modified mode [ 'examples/java/AioA0.java', 420, 438 ]
607 silly gunzTarPerm extractEntry examples/java/CyclePwm3.java
608 silly gunzTarPerm modified mode [ 'examples/java/CyclePwm3.java', 420, 438 ]
609 silly gunzTarPerm extractEntry examples/java/FTDITest.java
610 silly gunzTarPerm modified mode [ 'examples/java/FTDITest.java', 420, 438 ]
611 silly gunzTarPerm extractEntry examples/java/GpioRead6.java
612 silly gunzTarPerm modified mode [ 'examples/java/GpioRead6.java', 420, 438 ]
613 silly gunzTarPerm extractEntry examples/java/BlinkIO.java
614 silly gunzTarPerm modified mode [ 'examples/java/BlinkIO.java', 420, 438 ]
615 silly gunzTarPerm extractEntry examples/java/GpioMmapped.java
616 silly gunzTarPerm modified mode [ 'examples/java/GpioMmapped.java', 420, 438 ]
617 silly gunzTarPerm extractEntry examples/java/UartExample.java
618 silly gunzTarPerm modified mode [ 'examples/java/UartExample.java', 420, 438 ]
619 silly gunzTarPerm extractEntry examples/java/BlinkOnboard.java
620 silly gunzTarPerm modified mode [ 'examples/java/BlinkOnboard.java', 420, 438 ]
621 silly gunzTarPerm extractEntry examples/i2c_HMC5883L.c
622 silly gunzTarPerm modified mode [ 'examples/i2c_HMC5883L.c', 420, 438 ]
623 silly gunzTarPerm extractEntry examples/blink-io.c
624 silly gunzTarPerm modified mode [ 'examples/blink-io.c', 420, 438 ]
625 silly gunzTarPerm extractEntry examples/python/
626 silly gunzTarPerm modified mode [ 'examples/python/', 493, 511 ]
627 silly gunzTarPerm extractEntry examples/python/mcp3004.py
628 silly gunzTarPerm modified mode [ 'examples/python/mcp3004.py', 420, 438 ]
629 silly gunzTarPerm extractEntry examples/python/hello_isr.py
630 silly gunzTarPerm modified mode [ 'examples/python/hello_isr.py', 420, 438 ]
631 silly gunzTarPerm extractEntry examples/python/blink-io8.py
632 silly gunzTarPerm modified mode [ 'examples/python/blink-io8.py', 420, 438 ]
633 silly gunzTarPerm extractEntry examples/python/firmata.py
634 silly gunzTarPerm modified mode [ 'examples/python/firmata.py', 420, 438 ]
635 silly gunzTarPerm extractEntry examples/python/bmp85.py
636 silly gunzTarPerm modified mode [ 'examples/python/bmp85.py', 420, 438 ]
637 silly gunzTarPerm extractEntry examples/python/initio.py
638 silly gunzTarPerm modified mode [ 'examples/python/initio.py', 420, 438 ]
639 silly gunzTarPerm extractEntry examples/python/hello_gpio.py
640 silly gunzTarPerm modified mode [ 'examples/python/hello_gpio.py', 420, 438 ]
641 silly gunzTarPerm extractEntry examples/python/spi.py
642 silly gunzTarPerm modified mode [ 'examples/python/spi.py', 420, 438 ]
643 silly gunzTarPerm extractEntry examples/python/cycle-pwm3.py
644 silly gunzTarPerm modified mode [ 'examples/python/cycle-pwm3.py', 420, 438 ]
645 silly gunzTarPerm extractEntry examples/python/uart_sender.py
646 silly gunzTarPerm modified mode [ 'examples/python/uart_sender.py', 420, 438 ]
647 silly gunzTarPerm extractEntry examples/python/aio.py
648 silly gunzTarPerm modified mode [ 'examples/python/aio.py', 420, 438 ]
649 silly gunzTarPerm extractEntry examples/python/uart_receiver.py
650 silly gunzTarPerm modified mode [ 'examples/python/uart_receiver.py', 420, 438 ]
651 silly gunzTarPerm extractEntry examples/python/rgblcd.py
652 silly gunzTarPerm modified mode [ 'examples/python/rgblcd.py', 420, 438 ]
653 silly gunzTarPerm extractEntry examples/javascript/
654 silly gunzTarPerm modified mode [ 'examples/javascript/', 493, 511 ]
655 silly gunzTarPerm extractEntry examples/javascript/AioA0.js
656 silly gunzTarPerm modified mode [ 'examples/javascript/AioA0.js', 420, 438 ]
657 silly gunzTarPerm extractEntry examples/javascript/Blink-IO.js
658 silly gunzTarPerm modified mode [ 'examples/javascript/Blink-IO.js', 420, 438 ]
659 silly gunzTarPerm extractEntry examples/javascript/spi.js
660 silly gunzTarPerm modified mode [ 'examples/javascript/spi.js', 420, 438 ]
661 silly gunzTarPerm extractEntry examples/javascript/rgblcd.js
662 silly gunzTarPerm modified mode [ 'examples/javascript/rgblcd.js', 420, 438 ]
663 silly gunzTarPerm extractEntry examples/javascript/GPIO_DigitalWrite.js
664 silly gunzTarPerm modified mode [ 'examples/javascript/GPIO_DigitalWrite.js', 420, 438 ]
665 silly gunzTarPerm extractEntry examples/javascript/initio.js
666 silly gunzTarPerm modified mode [ 'examples/javascript/initio.js', 420, 438 ]
667 silly gunzTarPerm extractEntry examples/javascript/uart.js
668 silly gunzTarPerm modified mode [ 'examples/javascript/uart.js', 420, 438 ]
669 silly gunzTarPerm extractEntry examples/javascript/bmp85.js
670 silly gunzTarPerm modified mode [ 'examples/javascript/bmp85.js', 420, 438 ]
671 silly gunzTarPerm extractEntry examples/javascript/isr.js
672 silly gunzTarPerm modified mode [ 'examples/javascript/isr.js', 420, 438 ]
673 silly gunzTarPerm extractEntry examples/javascript/GPIO_DigitalRead.js
674 silly gunzTarPerm modified mode [ 'examples/javascript/GPIO_DigitalRead.js', 420, 438 ]
675 silly gunzTarPerm extractEntry examples/javascript/firmata.js
676 silly gunzTarPerm modified mode [ 'examples/javascript/firmata.js', 420, 438 ]
677 silly gunzTarPerm extractEntry examples/javascript/gpio-tool.js
678 silly gunzTarPerm modified mode [ 'examples/javascript/gpio-tool.js', 420, 438 ]
679 silly gunzTarPerm extractEntry examples/samples.mapping.txt
680 silly gunzTarPerm modified mode [ 'examples/samples.mapping.txt', 420, 438 ]
681 silly gunzTarPerm extractEntry examples/mmap-io2.c
682 silly gunzTarPerm modified mode [ 'examples/mmap-io2.c', 420, 438 ]
683 silly gunzTarPerm extractEntry examples/uart.c
684 silly gunzTarPerm modified mode [ 'examples/uart.c', 420, 438 ]
685 silly gunzTarPerm extractEntry examples/mraa-gpio.c
686 silly gunzTarPerm modified mode [ 'examples/mraa-gpio.c', 420, 438 ]
687 silly gunzTarPerm extractEntry examples/gpio_read6.c
688 silly gunzTarPerm modified mode [ 'examples/gpio_read6.c', 420, 438 ]
689 silly gunzTarPerm extractEntry examples/i2c_firmata.c
690 silly gunzTarPerm modified mode [ 'examples/i2c_firmata.c', 420, 438 ]
691 silly gunzTarPerm extractEntry examples/spi_max7219.c
692 silly gunzTarPerm modified mode [ 'examples/spi_max7219.c', 420, 438 ]
693 silly gunzTarPerm extractEntry examples/uart_ow.c
694 silly gunzTarPerm modified mode [ 'examples/uart_ow.c', 420, 438 ]
695 silly gunzTarPerm extractEntry examples/spi_mcp4261.c
696 silly gunzTarPerm modified mode [ 'examples/spi_mcp4261.c', 420, 438 ]
697 silly gunzTarPerm extractEntry examples/cycle-pwm3.c
698 silly gunzTarPerm modified mode [ 'examples/cycle-pwm3.c', 420, 438 ]
699 silly gunzTarPerm extractEntry examples/helloedison.c
700 silly gunzTarPerm modified mode [ 'examples/helloedison.c', 420, 438 ]
701 silly gunzTarPerm extractEntry examples/CMakeLists.txt
702 silly gunzTarPerm modified mode [ 'examples/CMakeLists.txt', 420, 438 ]
703 silly gunzTarPerm extractEntry examples/mraa-i2c.c
704 silly gunzTarPerm modified mode [ 'examples/mraa-i2c.c', 420, 438 ]
705 silly gunzTarPerm extractEntry examples/initio.c
706 silly gunzTarPerm modified mode [ 'examples/initio.c', 420, 438 ]
707 silly gunzTarPerm extractEntry Doxyfile.java.in
708 silly gunzTarPerm modified mode [ 'Doxyfile.java.in', 420, 438 ]
709 silly gunzTarPerm extractEntry cmake/
710 silly gunzTarPerm modified mode [ 'cmake/', 493, 511 ]
711 silly gunzTarPerm extractEntry cmake/modules/
712 silly gunzTarPerm modified mode [ 'cmake/modules/', 493, 511 ]
713 silly gunzTarPerm extractEntry cmake/modules/TargetArch.cmake
714 silly gunzTarPerm modified mode [ 'cmake/modules/TargetArch.cmake', 420, 438 ]
715 silly gunzTarPerm extractEntry cmake/modules/FindNodejs.cmake
716 silly gunzTarPerm modified mode [ 'cmake/modules/FindNodejs.cmake', 420, 438 ]
717 silly gunzTarPerm extractEntry cmake/modules/version.c.in
718 silly gunzTarPerm modified mode [ 'cmake/modules/version.c.in', 420, 438 ]
719 silly gunzTarPerm extractEntry cmake/modules/FindYuidoc.cmake
720 silly gunzTarPerm modified mode [ 'cmake/modules/FindYuidoc.cmake', 420, 438 ]
721 silly gunzTarPerm extractEntry cmake/modules/OpenCVDetectPython.cmake
722 silly gunzTarPerm modified mode [ 'cmake/modules/OpenCVDetectPython.cmake', 420, 438 ]
723 silly gunzTarPerm extractEntry cmake/modules/COPYING-CMAKE-SCRIPTS
724 silly gunzTarPerm modified mode [ 'cmake/modules/COPYING-CMAKE-SCRIPTS', 420, 438 ]
725 silly gunzTarPerm extractEntry cmake/modules/LICENSE.LGPL
726 silly gunzTarPerm modified mode [ 'cmake/modules/LICENSE.LGPL', 420, 438 ]
727 silly gunzTarPerm extractEntry cmake/modules/LICENSE_1_0.txt
728 silly gunzTarPerm modified mode [ 'cmake/modules/LICENSE_1_0.txt', 420, 438 ]
729 silly gunzTarPerm extractEntry cmake/modules/FindFtd4222.cmake
730 silly gunzTarPerm modified mode [ 'cmake/modules/FindFtd4222.cmake', 420, 438 ]
731 silly gunzTarPerm extractEntry cmake/modules/FindSphinx.cmake
732 silly gunzTarPerm modified mode [ 'cmake/modules/FindSphinx.cmake', 420, 438 ]
733 silly gunzTarPerm extractEntry cmake/modules/FindFtd2xx.cmake
734 silly gunzTarPerm modified mode [ 'cmake/modules/FindFtd2xx.cmake', 420, 438 ]
735 silly gunzTarPerm extractEntry cmake/modules/GetGitRevisionDescription.cmake.in
736 silly gunzTarPerm modified mode [ 'cmake/modules/GetGitRevisionDescription.cmake.in', 420, 438 ]
737 silly gunzTarPerm extractEntry cmake/modules/FindJSON-C.cmake
738 silly gunzTarPerm modified mode [ 'cmake/modules/FindJSON-C.cmake', 420, 438 ]
739 silly gunzTarPerm extractEntry cmake/modules/CPackDeb.cmake
740 silly gunzTarPerm modified mode [ 'cmake/modules/CPackDeb.cmake', 420, 438 ]
741 silly gunzTarPerm extractEntry cmake/modules/Copyright.txt
742 silly gunzTarPerm modified mode [ 'cmake/modules/Copyright.txt', 420, 438 ]
743 silly gunzTarPerm extractEntry cmake/modules/GetGitRevisionDescription.cmake
744 silly gunzTarPerm modified mode [ 'cmake/modules/GetGitRevisionDescription.cmake', 420, 438 ]
745 silly gunzTarPerm extractEntry cmake/modules/FindUDEV.cmake
746 silly gunzTarPerm modified mode [ 'cmake/modules/FindUDEV.cmake', 420, 438 ]
747 silly gunzTarPerm extractEntry cmake/Toolchains/
748 silly gunzTarPerm modified mode [ 'cmake/Toolchains/', 493, 511 ]
749 silly gunzTarPerm extractEntry cmake/Toolchains/oe-sdk_cross.cmake
750 silly gunzTarPerm modified mode [ 'cmake/Toolchains/oe-sdk_cross.cmake', 420, 438 ]
751 silly gunzTarPerm extractEntry .clang-format
752 silly gunzTarPerm modified mode [ '.clang-format', 420, 438 ]
753 silly gunzTarPerm extractEntry CONTRIBUTING.md
754 silly gunzTarPerm modified mode [ 'CONTRIBUTING.md', 420, 438 ]
755 silly gunzTarPerm extractEntry doxygen2jsdoc/
756 silly gunzTarPerm modified mode [ 'doxygen2jsdoc/', 493, 511 ]
757 silly gunzTarPerm extractEntry jsstub/
758 silly gunzTarPerm modified mode [ 'jsstub/', 493, 511 ]
759 silly gunzTarPerm extractEntry jsstub/package.json
760 silly gunzTarPerm modified mode [ 'jsstub/package.json', 420, 438 ]
761 silly gunzTarPerm extractEntry jsstub/index.js
762 silly gunzTarPerm modified mode [ 'jsstub/index.js', 420, 438 ]
763 silly gunzTarPerm extractEntry jsstub/test/
764 silly gunzTarPerm modified mode [ 'jsstub/test/', 493, 511 ]
765 silly gunzTarPerm extractEntry jsstub/test/index.js
766 silly gunzTarPerm modified mode [ 'jsstub/test/index.js', 420, 438 ]
767 silly gunzTarPerm extractEntry jsstub/test/lightbulb.js
768 silly gunzTarPerm modified mode [ 'jsstub/test/lightbulb.js', 420, 438 ]
769 silly gunzTarPerm extractEntry jsstub/Gruntfile.js
770 silly gunzTarPerm modified mode [ 'jsstub/Gruntfile.js', 420, 438 ]
771 silly gunzTarPerm extractEntry jsstub/README.md
772 silly gunzTarPerm modified mode [ 'jsstub/README.md', 420, 438 ]
773 silly gunzTarPerm extractEntry CMakeLists.txt
774 silly gunzTarPerm modified mode [ 'CMakeLists.txt', 420, 438 ]
775 silly gunzTarPerm extractEntry tests/
776 silly gunzTarPerm modified mode [ 'tests/', 493, 511 ]
777 silly gunzTarPerm extractEntry tests/general_checks.py
778 silly gunzTarPerm modified mode [ 'tests/general_checks.py', 493, 511 ]
779 silly gunzTarPerm extractEntry tests/gpio_checks.py
780 silly gunzTarPerm modified mode [ 'tests/gpio_checks.py', 493, 511 ]
781 silly gunzTarPerm extractEntry tests/check_clean.py
782 silly gunzTarPerm modified mode [ 'tests/check_clean.py', 493, 511 ]
783 silly gunzTarPerm extractEntry tests/platform_checks.py
784 silly gunzTarPerm modified mode [ 'tests/platform_checks.py', 493, 511 ]
785 silly gunzTarPerm extractEntry tests/check_samplenames.py
786 silly gunzTarPerm modified mode [ 'tests/check_samplenames.py', 493, 511 ]
787 silly gunzTarPerm extractEntry tests/CMakeLists.txt
788 silly gunzTarPerm modified mode [ 'tests/CMakeLists.txt', 420, 438 ]
789 silly gunzTarPerm extractEntry tests/mock/
790 silly gunzTarPerm modified mode [ 'tests/mock/', 493, 511 ]
791 silly gunzTarPerm extractEntry tests/mock/i2c_checks_write_word_data.py
792 silly gunzTarPerm modified mode [ 'tests/mock/i2c_checks_write_word_data.py', 420, 438 ]
793 silly gunzTarPerm extractEntry tests/mock/uart_checks_shared.py
794 silly gunzTarPerm modified mode [ 'tests/mock/uart_checks_shared.py', 420, 438 ]
795 silly gunzTarPerm extractEntry tests/mock/general_checks.py
796 silly gunzTarPerm modified mode [ 'tests/mock/general_checks.py', 493, 511 ]
797 silly gunzTarPerm extractEntry tests/mock/i2c_checks_freq.py
798 silly gunzTarPerm modified mode [ 'tests/mock/i2c_checks_freq.py', 420, 438 ]
799 silly gunzTarPerm extractEntry tests/mock/gpio_checks_mode.py
800 silly gunzTarPerm modified mode [ 'tests/mock/gpio_checks_mode.py', 420, 438 ]
801 silly gunzTarPerm extractEntry tests/mock/i2c_checks_write_byte_data.py
802 silly gunzTarPerm modified mode [ 'tests/mock/i2c_checks_write_byte_data.py', 420, 438 ]
803 silly gunzTarPerm extractEntry tests/mock/spi_checks_write_byte.py
804 silly gunzTarPerm modified mode [ 'tests/mock/spi_checks_write_byte.py', 420, 438 ]
805 silly gunzTarPerm extractEntry tests/mock/i2c_checks_read.py
806 silly gunzTarPerm modified mode [ 'tests/mock/i2c_checks_read.py', 420, 438 ]
807 silly gunzTarPerm extractEntry tests/mock/spi_checks_freq.py
808 silly gunzTarPerm modified mode [ 'tests/mock/spi_checks_freq.py', 420, 438 ]
809 silly gunzTarPerm extractEntry tests/mock/i2c_checks_write.py
810 silly gunzTarPerm modified mode [ 'tests/mock/i2c_checks_write.py', 420, 438 ]
811 silly gunzTarPerm extractEntry tests/mock/spi_checks_write.py
812 silly gunzTarPerm modified mode [ 'tests/mock/spi_checks_write.py', 420, 438 ]
813 silly gunzTarPerm extractEntry tests/mock/uart_checks_set_timeout.py
814 silly gunzTarPerm modified mode [ 'tests/mock/uart_checks_set_timeout.py', 420, 438 ]
815 silly gunzTarPerm extractEntry tests/mock/uart_checks_write.py
816 silly gunzTarPerm modified mode [ 'tests/mock/uart_checks_write.py', 420, 438 ]
817 silly gunzTarPerm extractEntry tests/mock/i2c_checks_addr.py
818 silly gunzTarPerm modified mode [ 'tests/mock/i2c_checks_addr.py', 420, 438 ]
819 silly gunzTarPerm extractEntry tests/mock/spi_checks_bit_per_word.py
820 silly gunzTarPerm modified mode [ 'tests/mock/spi_checks_bit_per_word.py', 420, 438 ]
821 silly gunzTarPerm extractEntry tests/mock/uart_checks_flush.py
822 silly gunzTarPerm modified mode [ 'tests/mock/uart_checks_flush.py', 420, 438 ]
823 silly gunzTarPerm extractEntry tests/mock/uart_checks_data_available.py
824 silly gunzTarPerm modified mode [ 'tests/mock/uart_checks_data_available.py', 420, 438 ]
825 silly gunzTarPerm extractEntry tests/mock/uart_checks_read.py
826 silly gunzTarPerm modified mode [ 'tests/mock/uart_checks_read.py', 420, 438 ]
827 silly gunzTarPerm extractEntry tests/mock/spi_checks_lsbmode.py
828 silly gunzTarPerm modified mode [ 'tests/mock/spi_checks_lsbmode.py', 420, 438 ]
829 silly gunzTarPerm extractEntry tests/mock/i2c_checks_shared.py
830 silly gunzTarPerm modified mode [ 'tests/mock/i2c_checks_shared.py', 420, 438 ]
831 silly gunzTarPerm extractEntry tests/mock/i2c_checks_read_byte.py
832 silly gunzTarPerm modified mode [ 'tests/mock/i2c_checks_read_byte.py', 420, 438 ]
833 silly gunzTarPerm extractEntry tests/mock/uart_checks_set_nonblocking.py
834 silly gunzTarPerm modified mode [ 'tests/mock/uart_checks_set_nonblocking.py', 420, 438 ]
835 silly gunzTarPerm extractEntry tests/mock/i2c_checks_read_word_data.py
836 silly gunzTarPerm modified mode [ 'tests/mock/i2c_checks_read_word_data.py', 420, 438 ]
837 silly gunzTarPerm extractEntry tests/mock/i2c_checks_write_byte.py
838 silly gunzTarPerm modified mode [ 'tests/mock/i2c_checks_write_byte.py', 420, 438 ]
839 silly gunzTarPerm extractEntry tests/mock/spi_checks_mode.py
840 silly gunzTarPerm modified mode [ 'tests/mock/spi_checks_mode.py', 420, 438 ]
841 silly gunzTarPerm extractEntry tests/mock/gpio_checks_write_read.py
842 silly gunzTarPerm modified mode [ 'tests/mock/gpio_checks_write_read.py', 493, 511 ]
843 silly gunzTarPerm extractEntry tests/mock/uart_checks_set_mode.py
844 silly gunzTarPerm modified mode [ 'tests/mock/uart_checks_set_mode.py', 420, 438 ]
845 silly gunzTarPerm extractEntry tests/mock/aio_checks.py
846 silly gunzTarPerm modified mode [ 'tests/mock/aio_checks.py', 420, 438 ]
847 silly gunzTarPerm extractEntry tests/mock/gpio_checks_dir.py
848 silly gunzTarPerm modified mode [ 'tests/mock/gpio_checks_dir.py', 493, 511 ]
849 silly gunzTarPerm extractEntry tests/mock/platform_checks.py
850 silly gunzTarPerm modified mode [ 'tests/mock/platform_checks.py', 493, 511 ]
851 silly gunzTarPerm extractEntry tests/mock/spi_checks_write_word.py
852 silly gunzTarPerm modified mode [ 'tests/mock/spi_checks_write_word.py', 420, 438 ]
853 silly gunzTarPerm extractEntry tests/mock/uart_checks_set_flowcontrol.py
854 silly gunzTarPerm modified mode [ 'tests/mock/uart_checks_set_flowcontrol.py', 420, 438 ]
855 silly gunzTarPerm extractEntry tests/mock/spi_checks_shared.py
856 silly gunzTarPerm modified mode [ 'tests/mock/spi_checks_shared.py', 420, 438 ]
857 silly gunzTarPerm extractEntry tests/mock/gpio_checks_basic.py
858 silly gunzTarPerm modified mode [ 'tests/mock/gpio_checks_basic.py', 493, 511 ]
859 silly gunzTarPerm extractEntry tests/mock/CMakeLists.txt
860 silly gunzTarPerm modified mode [ 'tests/mock/CMakeLists.txt', 420, 438 ]
861 silly gunzTarPerm extractEntry tests/mock/gpio_checks_edge.py
862 silly gunzTarPerm modified mode [ 'tests/mock/gpio_checks_edge.py', 493, 511 ]
863 silly gunzTarPerm extractEntry tests/mock/i2c_checks_read_byte_data.py
864 silly gunzTarPerm modified mode [ 'tests/mock/i2c_checks_read_byte_data.py', 420, 438 ]
865 silly gunzTarPerm extractEntry tests/mock/gpio_checks_isr.py
866 silly gunzTarPerm modified mode [ 'tests/mock/gpio_checks_isr.py', 420, 438 ]
867 silly gunzTarPerm extractEntry tests/mock/uart_checks_set_baudrate.py
868 silly gunzTarPerm modified mode [ 'tests/mock/uart_checks_set_baudrate.py', 420, 438 ]
869 silly gunzTarPerm extractEntry tests/mock/i2c_checks_read_bytes_data.py
870 silly gunzTarPerm modified mode [ 'tests/mock/i2c_checks_read_bytes_data.py', 420, 438 ]
871 silly gunzTarPerm extractEntry README.md
872 silly gunzTarPerm modified mode [ 'README.md', 420, 438 ]
873 silly gentlyRm E:\Users\exp0nge\projects\iRobot\edi-cam\web\server\node_modules\.staging\mraa-3925ba40\node_modules is being purged
874 verbose gentlyRm don't care about contents; nuking E:\Users\exp0nge\projects\iRobot\edi-cam\web\server\node_modules\.staging\mraa-3925ba40\node_modules
875 silly doParallel preinstall 1
876 silly preinstall mraa@1.6.1 E:\Users\exp0nge\projects\iRobot\edi-cam\web\server\node_modules\.staging\mraa-3925ba40
877 info lifecycle mraa@1.6.1~preinstall: mraa@1.6.1
878 silly lifecycle mraa@1.6.1~preinstall: no script for preinstall, continuing
879 silly doReverseSerial remove 0
880 silly doSerial move 0
881 silly doSerial finalize 1
882 silly finalize E:\Users\exp0nge\projects\iRobot\edi-cam\web\server\node_modules\mraa
883 silly doSerial build 1
884 silly build mraa@1.6.1
885 info linkStuff mraa@1.6.1
886 silly linkStuff mraa@1.6.1 has E:\Users\exp0nge\projects\iRobot\edi-cam\web\server\node_modules as its parent node_modules
887 verbose linkBins mraa@1.6.1
888 verbose linkMans mraa@1.6.1
889 silly doSerial global-link 0
890 silly doParallel update-linked 0
891 silly doSerial install 1
892 silly install mraa@1.6.1 E:\Users\exp0nge\projects\iRobot\edi-cam\web\server\node_modules\.staging\mraa-3925ba40
893 info lifecycle mraa@1.6.1~install: mraa@1.6.1
894 verbose lifecycle mraa@1.6.1~install: unsafe-perm in lifecycle true
895 verbose lifecycle mraa@1.6.1~install: PATH: C:\Users\exp0nge\AppData\Roaming\nvm\v6.10.2\node_modules\npm\bin\node-gyp-bin;E:\Users\exp0nge\projects\iRobot\edi-cam\web\server\node_modules\mraa\node_modules\.bin;E:\Users\exp0nge\projects\iRobot\edi-cam\web\server\node_modules\.bin;C:\ProgramData\Oracle\Java\javapath;C:\Program Files (x86)\Intel\iCLS Client\;C:\Program Files\Intel\iCLS Client\;C:\WINDOWS\system32;C:\WINDOWS;C:\WINDOWS\System32\Wbem;C:\WINDOWS\System32\WindowsPowerShell\v1.0\;C:\Program Files (x86)\Intel\Intel(R) Management Engine Components\DAL;C:\Program Files\Intel\Intel(R) Management Engine Components\DAL;C:\Program Files (x86)\Intel\Intel(R) Management Engine Components\IPT;C:\Program Files\Intel\Intel(R) Management Engine Components\IPT;E:\Program Files\Git\cmd;E:\Program Files\Git\mingw64\bin;E:\Program Files\Git\usr\bin;E:\HashiCorp\Vagrant\bin;E:\Program Files\Anaconda3;E:\Program Files\Anaconda3\Scripts;E:\Program Files\Anaconda3\Library\bin;C:\Users\exp0nge\.dnx\bin;C:\Program Files\Microsoft DNX\Dnvm\;C:\Program Files\Microsoft SQL Server\130\Tools\Binn\;E:\Program Files\bin;E:\Users\exp0nge\AppData\Local\Android\sdk\emulator;E:\Program Files (x86)\Yarn\bin;C:\Program Files\TortoiseHg\;%NVM_HOME%;%NVM_SYMLINK%;C:\Users\exp0nge\AppData\Local\Microsoft\WindowsApps;E:\Program Files (x86)\Microsoft VS Code\bin;E:\Program Files\bin;E:\Users\exp0nge\AppData\Local\Android\sdk;C:\Users\exp0nge\AppData\Local\Yarn\.bin;E:\Users\exp0nge\AppData\Roaming\nvm;E:\Program Files\nodejs
896 verbose lifecycle mraa@1.6.1~install: CWD: E:\Users\exp0nge\projects\iRobot\edi-cam\web\server\node_modules\mraa
897 silly lifecycle mraa@1.6.1~install: Args: [ '/d /s /c', 'node-gyp rebuild' ]
898 silly lifecycle mraa@1.6.1~install: Returned: code: 1  signal: null
899 info lifecycle mraa@1.6.1~install: Failed to exec install script
900 verbose unlock done using C:\Users\exp0nge\AppData\Roaming\npm-cache\_locks\staging-bd00103365c6d8f4.lock for E:\Users\exp0nge\projects\iRobot\edi-cam\web\server\node_modules\.staging
901 silly rollbackFailedOptional Starting
902 silly rollbackFailedOptional Finishing
903 silly runTopLevelLifecycles Finishing
904 silly install printInstalled
905 verbose stack Error: mraa@1.6.1 install: `node-gyp rebuild`
905 verbose stack Exit status 1
905 verbose stack     at EventEmitter.<anonymous> (C:\Users\exp0nge\AppData\Roaming\nvm\v6.10.2\node_modules\npm\lib\utils\lifecycle.js:255:16)
905 verbose stack     at emitTwo (events.js:106:13)
905 verbose stack     at EventEmitter.emit (events.js:191:7)
905 verbose stack     at ChildProcess.<anonymous> (C:\Users\exp0nge\AppData\Roaming\nvm\v6.10.2\node_modules\npm\lib\utils\spawn.js:40:14)
905 verbose stack     at emitTwo (events.js:106:13)
905 verbose stack     at ChildProcess.emit (events.js:191:7)
905 verbose stack     at maybeClose (internal/child_process.js:886:16)
905 verbose stack     at Process.ChildProcess._handle.onexit (internal/child_process.js:226:5)
906 verbose pkgid mraa@1.6.1
907 verbose cwd E:\Users\exp0nge\projects\iRobot\edi-cam\web\server
908 error Windows_NT 10.0.14393
909 error argv "E:\\Program Files\\nodejs\\node.exe" "E:\\Program Files\\nodejs\\node_modules\\npm\\bin\\npm-cli.js" "install" "--save" "mraa"
910 error node v6.10.2
911 error npm  v3.10.10
912 error code ELIFECYCLE
913 error mraa@1.6.1 install: `node-gyp rebuild`
913 error Exit status 1
914 error Failed at the mraa@1.6.1 install script 'node-gyp rebuild'.
914 error Make sure you have the latest version of node.js and npm installed.
914 error If you do, this is most likely a problem with the mraa package,
914 error not with npm itself.
914 error Tell the author that this fails on your system:
914 error     node-gyp rebuild
914 error You can get information on how to open an issue for this project with:
914 error     npm bugs mraa
914 error Or if that isn't available, you can get their info via:
914 error     npm owner ls mraa
914 error There is likely additional logging output above.
915 verbose exit [ 1, true ]
